<?xml version="1.0" encoding="UTF-8"?>
<coverage generated="1578592892679" clover="3.2.0">
  <project timestamp="1578592892679" name="All files">
    <metrics statements="12" coveredstatements="11" conditionals="4" coveredconditionals="3" methods="9" coveredmethods="8" elements="25" coveredelements="22" complexity="0" loc="12" ncloc="12" packages="1" files="3" classes="3"/>
    <file name="asyncjelly.js" path="/Users/aspen/work/jest-practice/asyncjelly.js">
      <metrics statements="5" coveredstatements="4" conditionals="2" coveredconditionals="1" methods="4" coveredmethods="3"/>
      <line num="2" count="1" type="stmt"/>
      <line num="3" count="1" type="cond" truecount="1" falsecount="1"/>
      <line num="4" count="1" type="stmt"/>
      <line num="6" count="0" type="stmt"/>
      <line num="11" count="1" type="stmt"/>
    </file>
    <file name="jelly.js" path="/Users/aspen/work/jest-practice/jelly.js">
      <metrics statements="5" coveredstatements="5" conditionals="2" coveredconditionals="2" methods="4" coveredmethods="4"/>
      <line num="2" count="2" type="stmt"/>
      <line num="3" count="2" type="cond" truecount="2" falsecount="0"/>
      <line num="4" count="1" type="stmt"/>
      <line num="6" count="1" type="stmt"/>
      <line num="11" count="1" type="stmt"/>
    </file>
    <file name="sum.js" path="/Users/aspen/work/jest-practice/sum.js">
      <metrics statements="2" coveredstatements="2" conditionals="0" coveredconditionals="0" methods="1" coveredmethods="1"/>
      <line num="2" count="2" type="stmt"/>
      <line num="5" count="1" type="stmt"/>
    </file>
  </project>
</coverage>
